<?xml version="1.0" encoding="UTF-8"?>
<!-- Generated by org.testng.reporters.JUnitReportReporter -->
<testsuite hostname="LAPTOP-MDVV23RL" failures="0" tests="2" name="tcsionProject.Stage4.S4TestBookingsPage" time="1.594" errors="0" timestamp="2022-04-27T16:43:12 IST" skipped="0">
  <testcase classname="tcsionProject.Stage4.S4TestBookingsPage" name="dashboardTS002" time="0.936"/>
  <system-out/>
  <testcase classname="tcsionProject.Stage4.S4TestBookingsPage" name="FliVisaTourTS005" time="0.658"/>
  <system-out/>
</testsuite> <!-- tcsionProject.Stage4.S4TestBookingsPage -->
