<?xml version="1.0" encoding="UTF-8"?>
<!-- Generated by org.testng.reporters.JUnitReportReporter -->
<testsuite hostname="LAPTOP-MDVV23RL" failures="0" tests="5" name="tcsionProject.Stage4.S4TestLogin" time="10.680" errors="0" timestamp="2022-04-27T16:43:12 IST" skipped="3">
  <testcase classname="tcsionProject.Stage4.S4TestLogin" name="loginPage" time="0.149"/>
  <system-out/>
  <testcase classname="tcsionProject.Stage4.S4TestLogin" name="validLoginTC004" time="10.531"/>
  <system-out/>
  <testcase classname="tcsionProject.Stage4.S4TestLogin" name="invalidLoginTC001">
    <skipped/>
  </testcase> <!-- invalidLoginTC001 -->
  <system-out/>
  <testcase classname="tcsionProject.Stage4.S4TestLogin" name="invalidLoginTC003">
    <skipped/>
  </testcase> <!-- invalidLoginTC003 -->
  <system-out/>
  <testcase classname="tcsionProject.Stage4.S4TestLogin" name="invalidLoginTC002">
    <skipped/>
  </testcase> <!-- invalidLoginTC002 -->
  <system-out/>
</testsuite> <!-- tcsionProject.Stage4.S4TestLogin -->
