<?xml version="1.0" encoding="UTF-8"?>
<!-- Generated by org.testng.reporters.JUnitReportReporter -->
<testsuite hostname="LAPTOP-MDVV23RL" failures="0" tests="2" name="tcsionProject.Stage4.S4TestBookingsPage" time="2.029" errors="0" timestamp="2022-04-27T16:39:38 IST" skipped="0">
  <testcase classname="tcsionProject.Stage4.S4TestBookingsPage" name="dashboardTS002" time="1.124"/>
  <system-out/>
  <testcase classname="tcsionProject.Stage4.S4TestBookingsPage" name="FliVisaTourTS005" time="0.905"/>
  <system-out/>
</testsuite> <!-- tcsionProject.Stage4.S4TestBookingsPage -->
